#
# A fatal error has been detected by the Java Runtime Environment:
#
#  EXCEPTION_ACCESS_VIOLATION (0xc0000005) at pc=0x00007ffb3982df50, pid=10012, tid=2256
#
# JRE version: OpenJDK Runtime Environment Temurin-17.0.8.1+1 (17.0.8.1+1) (build 17.0.8.1+1)
# Java VM: OpenJDK 64-Bit Server VM Temurin-17.0.8.1+1 (17.0.8.1+1, mixed mode, tiered, compressed oops, compressed class ptrs, parallel gc, windows-amd64)
# Problematic frame:
# V  [jvm.dll+0x69df50]
#
# No core dump will be written. Minidumps are not enabled by default on client versions of Windows
#
# If you would like to submit a bug report, please visit:
#   https://github.com/adoptium/adoptium-support/issues
#

---------------  S U M M A R Y ------------

Command Line: --add-modules=ALL-SYSTEM --add-opens=java.base/java.util=ALL-UNNAMED --add-opens=java.base/java.lang=ALL-UNNAMED --add-opens=java.base/sun.nio.fs=ALL-UNNAMED -Declipse.application=org.eclipse.jdt.ls.core.id1 -Dosgi.bundles.defaultStartLevel=4 -Declipse.product=org.eclipse.jdt.ls.core.product -Djava.import.generatesMetadataFilesAtProjectRoot=false -DDetectVMInstallationsJob.disabled=true -Dfile.encoding=utf8 -XX:+UseParallelGC -XX:GCTimeRatio=4 -XX:AdaptiveSizePolicyWeight=90 -Dsun.zip.disableMemoryMapping=true -Xmx1G -Xms100m -Xlog:disable -javaagent:c:\Users\student\.vscode\extensions\redhat.java-1.24.0-win32-x64\lombok\lombok-1.18.30.jar -XX:+HeapDumpOnOutOfMemoryError -XX:HeapDumpPath=c:\Users\student\AppData\Roaming\Code\User\workspaceStorage\e50256f40f6fecdd92fdb32c1eaf3a5b\redhat.java -Daether.dependencyCollector.impl=bf c:\Users\student\.vscode\extensions\redhat.java-1.24.0-win32-x64\server\plugins\org.eclipse.equinox.launcher_1.6.500.v20230717-2134.jar -configuration c:\Users\student\AppData\Roaming\Code\User\globalStorage\redhat.java\1.24.0\config_win -data c:\Users\student\AppData\Roaming\Code\User\workspaceStorage\e50256f40f6fecdd92fdb32c1eaf3a5b\redhat.java\jdt_ws --stdio

Host: AMD Ryzen 7 5700U with Radeon Graphics         , 16 cores, 15G,  Windows 10 , 64 bit Build 19041 (10.0.19041.3570)
Time: Fri Nov  3 14:20:20 2023 India Standard Time elapsed time: 3.747045 seconds (0d 0h 0m 3s)

---------------  T H R E A D  ---------------

Current thread (0x0000023b02c42850):  JavaThread "C2 CompilerThread3" daemon [_thread_in_native, id=2256, stack(0x000000fa7ed00000,0x000000fa7ee00000)]


Current CompileTask:
C2:   3747 4988   !   4       org.eclipse.osgi.internal.loader.BundleLoader::findClass0 (466 bytes)

Stack: [0x000000fa7ed00000,0x000000fa7ee00000],  sp=0x000000fa7edfbb10,  free space=1006k
Native frames: (J=compiled Java code, j=interpreted, Vv=VM code, C=native code)
V  [jvm.dll+0x69df50]
V  [jvm.dll+0x69fae4]
V  [jvm.dll+0x619d94]
V  [jvm.dll+0x34b99d]
V  [jvm.dll+0x1128f1]
V  [jvm.dll+0x63df6f]
V  [jvm.dll+0x11276c]
V  [jvm.dll+0x33ff66]
V  [jvm.dll+0x6944e6]
V  [jvm.dll+0x693832]
V  [jvm.dll+0x68ed2d]
V  [jvm.dll+0x688f1b]
V  [jvm.dll+0x688557]
V  [jvm.dll+0x686442]
V  [jvm.dll+0x1a859c]
V  [jvm.dll+0x2ada14]
V  [jvm.dll+0x690e27]
V  [jvm.dll+0x688f1b]
V  [jvm.dll+0x688557]
V  [jvm.dll+0x686442]
V  [jvm.dll+0x1a859c]
V  [jvm.dll+0x1a9166]
V  [jvm.dll+0x1a9166]
V  [jvm.dll+0x2ada14]
V  [jvm.dll+0x690e27]
V  [jvm.dll+0x688f1b]
V  [jvm.dll+0x688557]
V  [jvm.dll+0x686442]
V  [jvm.dll+0x1a859c]
V  [jvm.dll+0x2ada14]
V  [jvm.dll+0x690e27]
V  [jvm.dll+0x688f1b]
V  [jvm.dll+0x688557]
V  [jvm.dll+0x686442]
V  [jvm.dll+0x1a859c]
V  [jvm.dll+0x2ada14]
V  [jvm.dll+0x690e27]
V  [jvm.dll+0x688f1b]
V  [jvm.dll+0x688557]
V  [jvm.dll+0x686442]
V  [jvm.dll+0x1a859c]
V  [jvm.dll+0x218bd8]
V  [jvm.dll+0x1a534d]
V  [jvm.dll+0x228d8a]
V  [jvm.dll+0x226dcc]
V  [jvm.dll+0x7ec09b]
V  [jvm.dll+0x7e64ca]
V  [jvm.dll+0x677955]
C  [ucrtbase.dll+0x21bb2]
C  [KERNEL32.DLL+0x17344]
C  [ntdll.dll+0x526b1]


siginfo: EXCEPTION_ACCESS_VIOLATION (0xc0000005), reading address 0x000002cc029e1a20


Register to memory mapping:

RIP=0x00007ffb3982df50 jvm.dll
RAX=0x0000000000001fff is an unknown value
RBX=0x000000000000009c is an unknown value
RCX=0x0000023b03e98d10 points into unknown readable memory: 0x0000023b02746fc0 | c0 6f 74 02 3b 02 00 00
RDX=0x00007ffb39b5ce98 jvm.dll
RSP=0x000000fa7edfbb10 is pointing into the stack for thread: 0x0000023b02c42850
RBP=0x0000000000000002 is an unknown value
RSI=0x000000fa7edfe668 is pointing into the stack for thread: 0x0000023b02c42850
RDI=0x000002cc029e1a08 is an unknown value
R8 =0x0000023b03a61050 points into unknown readable memory: 0x0000023b7cdf3950 | 50 39 df 7c 3b 02 00 00
R9 =0x0000000000004240 is an unknown value
R10=0x0000023b027b72a0 points into unknown readable memory: 0x00007ffb39abdb50 | 50 db ab 39 fb 7f 00 00
R11=0x0000023b03264f70 points into unknown readable memory: 0x0000000000000000 | 00 00 00 00 00 00 00 00
R12=0x0 is NULL
R13=0x0000000000001b19 is an unknown value
R14=0x0000000000001632 is an unknown value
R15=0x0000023b03264f30 points into unknown readable memory: 0x00007ffb39aac648 | 48 c6 aa 39 fb 7f 00 00


Registers:
RAX=0x0000000000001fff, RBX=0x000000000000009c, RCX=0x0000023b03e98d10, RDX=0x00007ffb39b5ce98
RSP=0x000000fa7edfbb10, RBP=0x0000000000000002, RSI=0x000000fa7edfe668, RDI=0x000002cc029e1a08
R8 =0x0000023b03a61050, R9 =0x0000000000004240, R10=0x0000023b027b72a0, R11=0x0000023b03264f70
R12=0x0000000000000000, R13=0x0000000000001b19, R14=0x0000000000001632, R15=0x0000023b03264f30
RIP=0x00007ffb3982df50, EFLAGS=0x0000000000010206

Top of Stack: (sp=0x000000fa7edfbb10)
0x000000fa7edfbb10:   0000023b01eef880 000000fa7edfe668
0x000000fa7edfbb20:   0000023b03264f30 00007ffb397db79e
0x000000fa7edfbb30:   000000fa7edfdce0 0000023b03263aa0
0x000000fa7edfbb40:   000000fa7edfc150 0000000000000000
0x000000fa7edfbb50:   0000023b03264f30 00007ffb3982fae4
0x000000fa7edfbb60:   0000023b01eef880 000000fa0000009c
0x000000fa7edfbb70:   0000023b03263b28 000000fa7edfdce0
0x000000fa7edfbb80:   0000023b03264ed8 00007ffb397a9d94
0x000000fa7edfbb90:   0000023b03264f30 0000023b03263b28
0x000000fa7edfbba0:   0000023b027b72a0 00007ffb394d73f8
0x000000fa7edfbbb0:   000000fa7edfc150 0000023b783dafc0
0x000000fa7edfbbc0:   0000000000000000 0000023b03264ed8
0x000000fa7edfbbd0:   0000023b03263aa0 00007ffb394db99d
0x000000fa7edfbbe0:   0000023b027b72a0 0000023b03263b28
0x000000fa7edfbbf0:   000000fa7edfc150 00007ffb39988c2a
0x000000fa7edfbc00:   0000000000000000 0000023b027b72a0 

Instructions: (pc=0x00007ffb3982df50)
0x00007ffb3982de50:   75 36 33 c0 85 ff 74 20 4c 8b 43 08 4d 8b 4e 08
0x00007ffb3982de60:   48 8d 14 c5 00 00 00 00 4a 8b 0c 02 4a 39 0c 0a
0x00007ffb3982de70:   75 16 ff c0 3b c7 72 e8 49 8b 06 48 8b d3 49 8b
0x00007ffb3982de80:   ce ff 50 60 84 c0 75 38 8b 45 08 41 03 f7 ff c8
0x00007ffb3982de90:   23 f0 48 8b 45 18 48 8b 1c f0 48 85 db 75 a1 33
0x00007ffb3982dea0:   c0 48 8b 5c 24 40 48 8b 6c 24 48 48 8b 74 24 50
0x00007ffb3982deb0:   48 8b 7c 24 58 48 83 c4 20 41 5f 41 5e 41 5c c3
0x00007ffb3982dec0:   48 8b c3 eb dc cc cc cc cc cc cc cc cc cc cc cc
0x00007ffb3982ded0:   48 89 5c 24 08 48 89 6c 24 18 48 89 74 24 20 57
0x00007ffb3982dee0:   41 54 41 55 41 56 41 57 48 83 ec 20 48 8b 02 48
0x00007ffb3982def0:   8b f1 48 8b ca 4c 8b fa ff 50 58 85 c0 0f 84 e0
0x00007ffb3982df00:   00 00 00 44 8b 76 08 41 ff ce 44 23 f0 48 8b 46
0x00007ffb3982df10:   18 45 8b ee 41 83 cd 01 4a 8b 3c f0 48 85 ff 75
0x00007ffb3982df20:   09 4e 89 3c f0 e9 a6 00 00 00 49 8b 07 49 8b cf
0x00007ffb3982df30:   48 8b 5e 20 ff 10 41 8b 6f 18 45 8b e6 89 44 24
0x00007ffb3982df40:   58 33 c0 48 3b fb 8b 5c 24 58 44 0f 45 e0 66 90
0x00007ffb3982df50:   39 6f 18 75 43 48 8b 07 48 8b cf ff 10 3b c3 75
0x00007ffb3982df60:   37 33 c0 85 ed 74 21 4c 8b 47 08 4d 8b 4f 08 90
0x00007ffb3982df70:   48 8d 14 c5 00 00 00 00 4a 8b 0c 02 4a 39 0c 0a
0x00007ffb3982df80:   75 16 ff c0 3b c5 72 e8 49 8b 07 48 8b d7 49 8b
0x00007ffb3982df90:   cf ff 50 60 84 c0 75 28 8b 46 08 45 03 f5 48 8b
0x00007ffb3982dfa0:   4e 18 ff c8 44 23 f0 4a 8b 3c f1 48 85 ff 74 15
0x00007ffb3982dfb0:   45 85 e4 75 9b 48 3b 7e 20 75 95 45 8b e6 eb 90
0x00007ffb3982dfc0:   48 8b c7 eb 20 45 85 e4 45 0f 44 e6 4e 89 3c e1
0x00007ffb3982dfd0:   ff 46 0c 8b 46 0c 3b 46 10 75 08 48 8b ce e8 4d
0x00007ffb3982dfe0:   fb ff ff 33 c0 48 8b 5c 24 50 48 8b 6c 24 60 48
0x00007ffb3982dff0:   8b 74 24 68 48 83 c4 20 41 5f 41 5e 41 5d 41 5c
0x00007ffb3982e000:   5f c3 cc cc cc cc cc cc cc cc cc cc cc cc cc cc
0x00007ffb3982e010:   48 89 5c 24 08 48 89 74 24 10 57 48 83 ec 20 48
0x00007ffb3982e020:   8b 02 48 8b d9 48 8b ca 48 8b fa ff 50 58 8b f0
0x00007ffb3982e030:   85 c0 74 54 ff 43 0c 44 8b 43 0c 44 3b 43 10 75
0x00007ffb3982e040:   08 48 8b cb e8 e7 fa ff ff 44 8b 5b 08 4c 8b 43 


Stack slot to memory mapping:
stack at sp + 0 slots: 0x0000023b01eef880 points into unknown readable memory: 0x00007ffb39b5ce98 | 98 ce b5 39 fb 7f 00 00
stack at sp + 1 slots: 0x000000fa7edfe668 is pointing into the stack for thread: 0x0000023b02c42850
stack at sp + 2 slots: 0x0000023b03264f30 points into unknown readable memory: 0x00007ffb39aac648 | 48 c6 aa 39 fb 7f 00 00
stack at sp + 3 slots: 0x00007ffb397db79e jvm.dll
stack at sp + 4 slots: 0x000000fa7edfdce0 is pointing into the stack for thread: 0x0000023b02c42850
stack at sp + 5 slots: 0x0000023b03263aa0 points into unknown readable memory: 0x00007ffb39a42760 | 60 27 a4 39 fb 7f 00 00
stack at sp + 6 slots: 0x000000fa7edfc150 is pointing into the stack for thread: 0x0000023b02c42850
stack at sp + 7 slots: 0x0 is NULL


---------------  P R O C E S S  ---------------

Threads class SMR info:
_java_thread_list=0x0000023b00f45220, length=38, elements={
0x0000023b63c19480, 0x0000023b7cda9740, 0x0000023b7cdabf00, 0x0000023b77a967a0,
0x0000023b77a9eac0, 0x0000023b7cdc2f50, 0x0000023b7cdc3980, 0x0000023b7cdcf8b0,
0x0000023b7cdd53b0, 0x0000023b7cdd60d0, 0x0000023b63c7bff0, 0x0000023b7cf54b10,
0x0000023b7cf57040, 0x0000023b7cf87610, 0x0000023b7d0a6480, 0x0000023b7ed50700,
0x0000023b0017b430, 0x0000023b00207480, 0x0000023b00422f80, 0x0000023b0015b910,
0x0000023b00947f00, 0x0000023b00945170, 0x0000023b00946fd0, 0x0000023b009465b0,
0x0000023b009479f0, 0x0000023b00bbe650, 0x0000023b009474e0, 0x0000023b00946ac0,
0x0000023b00948920, 0x0000023b019b0c50, 0x0000023b019af810, 0x0000023b019b0740,
0x0000023b02c42850, 0x0000023b01cd8950, 0x0000023b028ce800, 0x0000023b02480b60,
0x0000023b013c3f60, 0x0000023b019b5d50
}

Java Threads: ( => current thread )
  0x0000023b63c19480 JavaThread "main" [_thread_blocked, id=3396, stack(0x000000fa7bc00000,0x000000fa7bd00000)]
  0x0000023b7cda9740 JavaThread "Reference Handler" daemon [_thread_blocked, id=11240, stack(0x000000fa7bf00000,0x000000fa7c000000)]
  0x0000023b7cdabf00 JavaThread "Finalizer" daemon [_thread_blocked, id=4500, stack(0x000000fa7c000000,0x000000fa7c100000)]
  0x0000023b77a967a0 JavaThread "Signal Dispatcher" daemon [_thread_blocked, id=3600, stack(0x000000fa7c100000,0x000000fa7c200000)]
  0x0000023b77a9eac0 JavaThread "Attach Listener" daemon [_thread_blocked, id=740, stack(0x000000fa7c200000,0x000000fa7c300000)]
  0x0000023b7cdc2f50 JavaThread "Service Thread" daemon [_thread_blocked, id=10264, stack(0x000000fa7c300000,0x000000fa7c400000)]
  0x0000023b7cdc3980 JavaThread "Monitor Deflation Thread" daemon [_thread_blocked, id=8916, stack(0x000000fa7c400000,0x000000fa7c500000)]
  0x0000023b7cdcf8b0 JavaThread "C2 CompilerThread0" daemon [_thread_blocked, id=4492, stack(0x000000fa7c500000,0x000000fa7c600000)]
  0x0000023b7cdd53b0 JavaThread "C1 CompilerThread0" daemon [_thread_blocked, id=10284, stack(0x000000fa7c600000,0x000000fa7c700000)]
  0x0000023b7cdd60d0 JavaThread "Sweeper thread" daemon [_thread_blocked, id=5936, stack(0x000000fa7c700000,0x000000fa7c800000)]
  0x0000023b63c7bff0 JavaThread "Common-Cleaner" daemon [_thread_blocked, id=7484, stack(0x000000fa7c800000,0x000000fa7c900000)]
  0x0000023b7cf54b10 JavaThread "C1 CompilerThread1" daemon [_thread_blocked, id=6344, stack(0x000000fa7c900000,0x000000fa7ca00000)]
  0x0000023b7cf57040 JavaThread "C1 CompilerThread2" daemon [_thread_blocked, id=7756, stack(0x000000fa7ca00000,0x000000fa7cb00000)]
  0x0000023b7cf87610 JavaThread "C2 CompilerThread1" daemon [_thread_blocked, id=7380, stack(0x000000fa7cb00000,0x000000fa7cc00000)]
  0x0000023b7d0a6480 JavaThread "C1 CompilerThread3" daemon [_thread_blocked, id=1240, stack(0x000000fa7cd00000,0x000000fa7ce00000)]
  0x0000023b7ed50700 JavaThread "Notification Thread" daemon [_thread_blocked, id=9384, stack(0x000000fa7ce00000,0x000000fa7cf00000)]
  0x0000023b0017b430 JavaThread "Active Thread: Equinox Container: e646d7d1-24b9-4abf-904f-2e23c0dbb911" [_thread_blocked, id=11492, stack(0x000000fa7d600000,0x000000fa7d700000)]
  0x0000023b00207480 JavaThread "Framework Event Dispatcher: Equinox Container: e646d7d1-24b9-4abf-904f-2e23c0dbb911" daemon [_thread_blocked, id=8276, stack(0x000000fa7d700000,0x000000fa7d800000)]
  0x0000023b00422f80 JavaThread "Start Level: Equinox Container: e646d7d1-24b9-4abf-904f-2e23c0dbb911" daemon [_thread_blocked, id=8748, stack(0x000000fa7d800000,0x000000fa7d900000)]
  0x0000023b0015b910 JavaThread "Bundle File Closer" daemon [_thread_blocked, id=12708, stack(0x000000fa7db00000,0x000000fa7dc00000)]
  0x0000023b00947f00 JavaThread "SCR Component Actor" daemon [_thread_blocked, id=2440, stack(0x000000fa7cc00000,0x000000fa7cd00000)]
  0x0000023b00945170 JavaThread "SCR Component Registry" daemon [_thread_blocked, id=2996, stack(0x000000fa7dd00000,0x000000fa7de00000)]
  0x0000023b00946fd0 JavaThread "Worker-JM" [_thread_blocked, id=7668, stack(0x000000fa7df00000,0x000000fa7e000000)]
  0x0000023b009465b0 JavaThread "Worker-0: Repository registry initialization" [_thread_blocked, id=5564, stack(0x000000fa7e000000,0x000000fa7e100000)]
  0x0000023b009479f0 JavaThread "Worker-1: Updating Maven Dependencies" [_thread_in_vm, id=2900, stack(0x000000fa7e100000,0x000000fa7e200000)]
  0x0000023b00bbe650 JavaThread "C2 CompilerThread2" daemon [_thread_blocked, id=12244, stack(0x000000fa7e400000,0x000000fa7e500000)]
  0x0000023b009474e0 JavaThread "Java indexing" daemon [_thread_blocked, id=2072, stack(0x000000fa7e500000,0x000000fa7e600000)]
  0x0000023b00946ac0 JavaThread "JNA Cleaner" daemon [_thread_blocked, id=7984, stack(0x000000fa7e600000,0x000000fa7e700000)]
  0x0000023b00948920 JavaThread "pool-2-thread-1" [_thread_blocked, id=4568, stack(0x000000fa7e900000,0x000000fa7ea00000)]
  0x0000023b019b0c50 JavaThread "WorkspaceEventsHandler" [_thread_blocked, id=11760, stack(0x000000fa7ea00000,0x000000fa7eb00000)]
  0x0000023b019af810 JavaThread "pool-1-thread-1" [_thread_blocked, id=6440, stack(0x000000fa7eb00000,0x000000fa7ec00000)]
  0x0000023b019b0740 JavaThread "Worker-2" [_thread_blocked, id=6884, stack(0x000000fa7ec00000,0x000000fa7ed00000)]
=>0x0000023b02c42850 JavaThread "C2 CompilerThread3" daemon [_thread_in_native, id=2256, stack(0x000000fa7ed00000,0x000000fa7ee00000)]
  0x0000023b01cd8950 JavaThread "C2 CompilerThread4" daemon [_thread_blocked, id=892, stack(0x000000fa7ee00000,0x000000fa7ef00000)]
  0x0000023b028ce800 JavaThread "C2 CompilerThread5" daemon [_thread_blocked, id=10620, stack(0x000000fa7ef00000,0x000000fa7f000000)]
  0x0000023b02480b60 JavaThread "C2 CompilerThread6" daemon [_thread_blocked, id=7428, stack(0x000000fa7f000000,0x000000fa7f100000)]
  0x0000023b013c3f60 JavaThread "C2 CompilerThread7" daemon [_thread_in_native, id=620, stack(0x000000fa7f100000,0x000000fa7f200000)]
  0x0000023b019b5d50 JavaThread "Worker-3" [_thread_blocked, id=8012, stack(0x000000fa7f200000,0x000000fa7f300000)]

Other Threads:
  0x0000023b63ca3c80 VMThread "VM Thread" [stack: 0x000000fa7be00000,0x000000fa7bf00000] [id=11112]
  0x0000023b7ed50be0 WatcherThread [stack: 0x000000fa7cf00000,0x000000fa7d000000] [id=8924]
  0x0000023b63c30100 GCTaskThread "GC Thread#0" [stack: 0x000000fa7bd00000,0x000000fa7be00000] [id=5328]
  0x0000023b0004ec20 GCTaskThread "GC Thread#1" [stack: 0x000000fa7d100000,0x000000fa7d200000] [id=1804]
  0x0000023b7f380ec0 GCTaskThread "GC Thread#2" [stack: 0x000000fa7d200000,0x000000fa7d300000] [id=4612]
  0x0000023b7f381180 GCTaskThread "GC Thread#3" [stack: 0x000000fa7d300000,0x000000fa7d400000] [id=5592]
  0x0000023b00024870 GCTaskThread "GC Thread#4" [stack: 0x000000fa7d400000,0x000000fa7d500000] [id=6272]
  0x0000023b00025340 GCTaskThread "GC Thread#5" [stack: 0x000000fa7d500000,0x000000fa7d600000] [id=7948]
  0x0000023b61b6bb90 GCTaskThread "GC Thread#6" [stack: 0x000000fa7d900000,0x000000fa7da00000] [id=11844]
  0x0000023b004b7e10 GCTaskThread "GC Thread#7" [stack: 0x000000fa7da00000,0x000000fa7db00000] [id=3728]
  0x0000023b00949130 GCTaskThread "GC Thread#8" [stack: 0x000000fa7d000000,0x000000fa7d100000] [id=3300]
  0x0000023b00b187c0 GCTaskThread "GC Thread#9" [stack: 0x000000fa7dc00000,0x000000fa7dd00000] [id=5388]
  0x0000023b00a01640 GCTaskThread "GC Thread#10" [stack: 0x000000fa7de00000,0x000000fa7df00000] [id=12648]
  0x0000023b00c137c0 GCTaskThread "GC Thread#11" [stack: 0x000000fa7e200000,0x000000fa7e300000] [id=5756]
  0x0000023b003a1770 GCTaskThread "GC Thread#12" [stack: 0x000000fa7e300000,0x000000fa7e400000] [id=5176]

Threads with active compile tasks:
C2 CompilerThread3     3785 4988   !   4       org.eclipse.osgi.internal.loader.BundleLoader::findClass0 (466 bytes)
C2 CompilerThread7     3785 4724   !   4       org.eclipse.osgi.internal.loader.classpath.ClasspathManager::defineClass (636 bytes)

VM state: not at safepoint (normal execution)

VM Mutex/Monitor currently owned by a thread: None

Heap address: 0x00000000c0000000, size: 1024 MB, Compressed Oops mode: 32-bit

CDS archive(s) not mapped
Compressed class space mapped at: 0x0000000100000000-0x0000000140000000, reserved size: 1073741824
Narrow klass base: 0x0000000000000000, Narrow klass shift: 3, Narrow klass range: 0x140000000

GC Precious Log:
 CPUs: 16 total, 16 available
 Memory: 15766M
 Large Page Support: Disabled
 NUMA Support: Disabled
 Compressed Oops: Enabled (32-bit)
 Alignments: Space 512K, Generation 512K, Heap 2M
 Heap Min Capacity: 100M
 Heap Initial Capacity: 100M
 Heap Max Capacity: 1G
 Pre-touch: Disabled
 Parallel Workers: 13

Heap:
 PSYoungGen      total 23552K, used 21604K [0x00000000eab00000, 0x00000000ec500000, 0x0000000100000000)
  eden space 22016K, 94% used [0x00000000eab00000,0x00000000ebf49210,0x00000000ec080000)
  from space 1536K, 54% used [0x00000000ec280000,0x00000000ec350000,0x00000000ec400000)
  to   space 1024K, 0% used [0x00000000ec400000,0x00000000ec400000,0x00000000ec500000)
 ParOldGen       total 68608K, used 15060K [0x00000000c0000000, 0x00000000c4300000, 0x00000000eab00000)
  object space 68608K, 21% used [0x00000000c0000000,0x00000000c0eb5158,0x00000000c4300000)
 Metaspace       used 45456K, committed 46272K, reserved 1114112K
  class space    used 4791K, committed 5184K, reserved 1048576K

Card table byte_map: [0x0000023b635c0000,0x0000023b637d0000] _byte_map_base: 0x0000023b62fc0000

Marking Bits: (ParMarkBitMap*) 0x00007ffb39d183a0
 Begin Bits: [0x0000023b758a0000, 0x0000023b768a0000)
 End Bits:   [0x0000023b768a0000, 0x0000023b778a0000)

Polling page: 0x0000023b61bf0000

Metaspace:

Usage:
  Non-class:     39.71 MB used.
      Class:      4.68 MB used.
       Both:     44.39 MB used.

Virtual space:
  Non-class space:       64.00 MB reserved,      40.12 MB ( 63%) committed,  1 nodes.
      Class space:        1.00 GB reserved,       5.06 MB ( <1%) committed,  1 nodes.
             Both:        1.06 GB reserved,      45.19 MB (  4%) committed. 

Chunk freelists:
   Non-Class:  7.91 MB
       Class:  10.88 MB
        Both:  18.78 MB

MaxMetaspaceSize: unlimited
CompressedClassSpaceSize: 1.00 GB
Initial GC threshold: 21.00 MB
Current GC threshold: 58.38 MB
CDS: off
MetaspaceReclaimPolicy: balanced
 - commit_granule_bytes: 65536.
 - commit_granule_words: 8192.
 - virtual_space_node_default_size: 8388608.
 - enlarge_chunks_in_place: 1.
 - new_chunks_are_fully_committed: 0.
 - uncommit_free_chunks: 1.
 - use_allocation_guard: 0.
 - handle_deallocations: 1.


Internal statistics:

num_allocs_failed_limit: 6.
num_arena_births: 406.
num_arena_deaths: 14.
num_vsnodes_births: 2.
num_vsnodes_deaths: 0.
num_space_committed: 723.
num_space_uncommitted: 0.
num_chunks_returned_to_freelist: 20.
num_chunks_taken_from_freelist: 1906.
num_chunk_merges: 10.
num_chunk_splits: 1252.
num_chunks_enlarged: 874.
num_inconsistent_stats: 0.

CodeHeap 'non-profiled nmethods': size=119168Kb used=2015Kb max_used=2262Kb free=117152Kb
 bounds [0x0000023b6e440000, 0x0000023b6e6b0000, 0x0000023b758a0000]
CodeHeap 'profiled nmethods': size=119104Kb used=8692Kb max_used=10715Kb free=110411Kb
 bounds [0x0000023b668a0000, 0x0000023b67320000, 0x0000023b6dcf0000]
CodeHeap 'non-nmethods': size=7488Kb used=2960Kb max_used=3039Kb free=4527Kb
 bounds [0x0000023b6dcf0000, 0x0000023b6dff0000, 0x0000023b6e440000]
 total_blobs=4891 nmethods=4293 adapters=508
 compilation: enabled
              stopped_count=0, restarted_count=0
 full_count=0

Compilation events (20 events):
Event: 3.712 Thread 0x0000023b7cf54b10 nmethod 4982 0x0000023b6696a990 code [0x0000023b6696ac20, 0x0000023b6696b8d8]
Event: 3.712 Thread 0x0000023b7cdd53b0 4986       3       com.google.common.collect.ImmutableList::copyOf (44 bytes)
Event: 3.712 Thread 0x0000023b7cf57040 nmethod 4983 0x0000023b672cb510 code [0x0000023b672cb8c0, 0x0000023b672cd4a8]
Event: 3.713 Thread 0x0000023b7cdd53b0 nmethod 4986 0x0000023b66a35f90 code [0x0000023b66a361e0, 0x0000023b66a36b88]
Event: 3.714 Thread 0x0000023b7d0a6480 nmethod 4984 0x0000023b66c32810 code [0x0000023b66c32c00, 0x0000023b66c34a38]
Event: 3.717 Thread 0x0000023b7cf87610 4987       4       org.eclipse.osgi.internal.loader.BundleLoader::findClass (8 bytes)
Event: 3.717 Thread 0x0000023b02c42850 4988   !   4       org.eclipse.osgi.internal.loader.BundleLoader::findClass0 (466 bytes)
Event: 3.718 Thread 0x0000023b7cf87610 nmethod 4987 0x0000023b6e636590 code [0x0000023b6e636720, 0x0000023b6e6367c8]
Event: 3.723 Thread 0x0000023b7cf87610 4989       4       org.eclipse.osgi.internal.loader.ModuleClassLoader::loadClass (36 bytes)
Event: 3.726 Thread 0x0000023b7cdd53b0 4990       3       java.lang.invoke.LambdaForm$MH/0x000000010018c800::invoke (25 bytes)
Event: 3.726 Thread 0x0000023b7cdd53b0 nmethod 4990 0x0000023b66b1a990 code [0x0000023b66b1ab60, 0x0000023b66b1b058]
Event: 3.728 Thread 0x0000023b7cf87610 nmethod 4989 0x0000023b6e45a690 code [0x0000023b6e45a840, 0x0000023b6e45aa58]
Event: 3.728 Thread 0x0000023b7cf54b10 4991       3       java.lang.invoke.MethodHandles$Lookup::resolveOrFail (44 bytes)
Event: 3.728 Thread 0x0000023b7cf57040 4992       3       java.lang.invoke.MethodHandles$Lookup::getDirectMethodForConstant (72 bytes)
Event: 3.729 Thread 0x0000023b7cdd53b0 4993       3       java.util.stream.ReduceOps$3ReducingSink::accept (15 bytes)
Event: 3.729 Thread 0x0000023b7cf54b10 nmethod 4991 0x0000023b66a09b10 code [0x0000023b66a09dc0, 0x0000023b66a0aa68]
Event: 3.729 Thread 0x0000023b7cf57040 nmethod 4992 0x0000023b66d59a10 code [0x0000023b66d59d60, 0x0000023b66d5b028]
Event: 3.729 Thread 0x0000023b7cdd53b0 nmethod 4993 0x0000023b67215990 code [0x0000023b67215b40, 0x0000023b67215d28]
Event: 3.734 Thread 0x0000023b7cdd53b0 4994       3       java.util.TreeMap::put (8 bytes)
Event: 3.734 Thread 0x0000023b7cdd53b0 nmethod 4994 0x0000023b66aff310 code [0x0000023b66aff4a0, 0x0000023b66aff5e8]

GC Heap History (20 events):
Event: 1.517 GC heap before
{Heap before GC invocations=6 (full 1):
 PSYoungGen      total 29696K, used 4081K [0x00000000eab00000, 0x00000000ece00000, 0x0000000100000000)
  eden space 25600K, 0% used [0x00000000eab00000,0x00000000eab00000,0x00000000ec400000)
  from space 4096K, 99% used [0x00000000ec400000,0x00000000ec7fc600,0x00000000ec800000)
  to   space 5120K, 0% used [0x00000000ec900000,0x00000000ec900000,0x00000000ece00000)
 ParOldGen       total 68608K, used 6489K [0x00000000c0000000, 0x00000000c4300000, 0x00000000eab00000)
  object space 68608K, 9% used [0x00000000c0000000,0x00000000c0656760,0x00000000c4300000)
 Metaspace       used 21100K, committed 21504K, reserved 1114112K
  class space    used 2115K, committed 2304K, reserved 1048576K
}
Event: 1.533 GC heap after
{Heap after GC invocations=6 (full 1):
 PSYoungGen      total 29696K, used 0K [0x00000000eab00000, 0x00000000ece00000, 0x0000000100000000)
  eden space 25600K, 0% used [0x00000000eab00000,0x00000000eab00000,0x00000000ec400000)
  from space 4096K, 0% used [0x00000000ec400000,0x00000000ec400000,0x00000000ec800000)
  to   space 5120K, 0% used [0x00000000ec900000,0x00000000ec900000,0x00000000ece00000)
 ParOldGen       total 68608K, used 10216K [0x00000000c0000000, 0x00000000c4300000, 0x00000000eab00000)
  object space 68608K, 14% used [0x00000000c0000000,0x00000000c09fa288,0x00000000c4300000)
 Metaspace       used 21100K, committed 21504K, reserved 1114112K
  class space    used 2115K, committed 2304K, reserved 1048576K
}
Event: 1.756 GC heap before
{Heap before GC invocations=7 (full 1):
 PSYoungGen      total 29696K, used 25573K [0x00000000eab00000, 0x00000000ece00000, 0x0000000100000000)
  eden space 25600K, 99% used [0x00000000eab00000,0x00000000ec3f94c8,0x00000000ec400000)
  from space 4096K, 0% used [0x00000000ec400000,0x00000000ec400000,0x00000000ec800000)
  to   space 5120K, 0% used [0x00000000ec900000,0x00000000ec900000,0x00000000ece00000)
 ParOldGen       total 68608K, used 10216K [0x00000000c0000000, 0x00000000c4300000, 0x00000000eab00000)
  object space 68608K, 14% used [0x00000000c0000000,0x00000000c09fa288,0x00000000c4300000)
 Metaspace       used 24547K, committed 25152K, reserved 1114112K
  class space    used 2488K, committed 2752K, reserved 1048576K
}
Event: 1.758 GC heap after
{Heap after GC invocations=7 (full 1):
 PSYoungGen      total 27136K, used 1665K [0x00000000eab00000, 0x00000000ecb00000, 0x0000000100000000)
  eden space 25088K, 0% used [0x00000000eab00000,0x00000000eab00000,0x00000000ec380000)
  from space 2048K, 81% used [0x00000000ec900000,0x00000000ecaa0408,0x00000000ecb00000)
  to   space 3072K, 0% used [0x00000000ec500000,0x00000000ec500000,0x00000000ec800000)
 ParOldGen       total 68608K, used 10224K [0x00000000c0000000, 0x00000000c4300000, 0x00000000eab00000)
  object space 68608K, 14% used [0x00000000c0000000,0x00000000c09fc288,0x00000000c4300000)
 Metaspace       used 24547K, committed 25152K, reserved 1114112K
  class space    used 2488K, committed 2752K, reserved 1048576K
}
Event: 1.913 GC heap before
{Heap before GC invocations=8 (full 1):
 PSYoungGen      total 27136K, used 26753K [0x00000000eab00000, 0x00000000ecb00000, 0x0000000100000000)
  eden space 25088K, 100% used [0x00000000eab00000,0x00000000ec380000,0x00000000ec380000)
  from space 2048K, 81% used [0x00000000ec900000,0x00000000ecaa0408,0x00000000ecb00000)
  to   space 3072K, 0% used [0x00000000ec500000,0x00000000ec500000,0x00000000ec800000)
 ParOldGen       total 68608K, used 10224K [0x00000000c0000000, 0x00000000c4300000, 0x00000000eab00000)
  object space 68608K, 14% used [0x00000000c0000000,0x00000000c09fc288,0x00000000c4300000)
 Metaspace       used 27292K, committed 28032K, reserved 1114112K
  class space    used 2768K, committed 3072K, reserved 1048576K
}
Event: 1.914 GC heap after
{Heap after GC invocations=8 (full 1):
 PSYoungGen      total 27648K, used 3057K [0x00000000eab00000, 0x00000000ecd00000, 0x0000000100000000)
  eden space 24576K, 0% used [0x00000000eab00000,0x00000000eab00000,0x00000000ec300000)
  from space 3072K, 99% used [0x00000000ec500000,0x00000000ec7fc7c8,0x00000000ec800000)
  to   space 5120K, 0% used [0x00000000ec800000,0x00000000ec800000,0x00000000ecd00000)
 ParOldGen       total 68608K, used 11668K [0x00000000c0000000, 0x00000000c4300000, 0x00000000eab00000)
  object space 68608K, 17% used [0x00000000c0000000,0x00000000c0b65300,0x00000000c4300000)
 Metaspace       used 27292K, committed 28032K, reserved 1114112K
  class space    used 2768K, committed 3072K, reserved 1048576K
}
Event: 2.028 GC heap before
{Heap before GC invocations=9 (full 1):
 PSYoungGen      total 27648K, used 27633K [0x00000000eab00000, 0x00000000ecd00000, 0x0000000100000000)
  eden space 24576K, 100% used [0x00000000eab00000,0x00000000ec300000,0x00000000ec300000)
  from space 3072K, 99% used [0x00000000ec500000,0x00000000ec7fc7c8,0x00000000ec800000)
  to   space 5120K, 0% used [0x00000000ec800000,0x00000000ec800000,0x00000000ecd00000)
 ParOldGen       total 68608K, used 11668K [0x00000000c0000000, 0x00000000c4300000, 0x00000000eab00000)
  object space 68608K, 17% used [0x00000000c0000000,0x00000000c0b65300,0x00000000c4300000)
 Metaspace       used 30483K, committed 31168K, reserved 1114112K
  class space    used 3012K, committed 3328K, reserved 1048576K
}
Event: 2.029 GC heap after
{Heap after GC invocations=9 (full 1):
 PSYoungGen      total 28672K, used 4102K [0x00000000eab00000, 0x00000000ecc80000, 0x0000000100000000)
  eden space 24064K, 0% used [0x00000000eab00000,0x00000000eab00000,0x00000000ec280000)
  from space 4608K, 89% used [0x00000000ec800000,0x00000000ecc01b20,0x00000000ecc80000)
  to   space 4608K, 0% used [0x00000000ec380000,0x00000000ec380000,0x00000000ec800000)
 ParOldGen       total 68608K, used 11668K [0x00000000c0000000, 0x00000000c4300000, 0x00000000eab00000)
  object space 68608K, 17% used [0x00000000c0000000,0x00000000c0b65300,0x00000000c4300000)
 Metaspace       used 30483K, committed 31168K, reserved 1114112K
  class space    used 3012K, committed 3328K, reserved 1048576K
}
Event: 2.197 GC heap before
{Heap before GC invocations=10 (full 1):
 PSYoungGen      total 28672K, used 28166K [0x00000000eab00000, 0x00000000ecc80000, 0x0000000100000000)
  eden space 24064K, 100% used [0x00000000eab00000,0x00000000ec280000,0x00000000ec280000)
  from space 4608K, 89% used [0x00000000ec800000,0x00000000ecc01b20,0x00000000ecc80000)
  to   space 4608K, 0% used [0x00000000ec380000,0x00000000ec380000,0x00000000ec800000)
 ParOldGen       total 68608K, used 11668K [0x00000000c0000000, 0x00000000c4300000, 0x00000000eab00000)
  object space 68608K, 17% used [0x00000000c0000000,0x00000000c0b65300,0x00000000c4300000)
 Metaspace       used 33558K, committed 34304K, reserved 1114112K
  class space    used 3264K, committed 3584K, reserved 1048576K
}
Event: 2.199 GC heap after
{Heap after GC invocations=10 (full 1):
 PSYoungGen      total 26112K, used 2369K [0x00000000eab00000, 0x00000000ec880000, 0x0000000100000000)
  eden space 23552K, 0% used [0x00000000eab00000,0x00000000eab00000,0x00000000ec200000)
  from space 2560K, 92% used [0x00000000ec380000,0x00000000ec5d0640,0x00000000ec600000)
  to   space 2560K, 0% used [0x00000000ec600000,0x00000000ec600000,0x00000000ec880000)
 ParOldGen       total 68608K, used 12850K [0x00000000c0000000, 0x00000000c4300000, 0x00000000eab00000)
  object space 68608K, 18% used [0x00000000c0000000,0x00000000c0c8cb40,0x00000000c4300000)
 Metaspace       used 33558K, committed 34304K, reserved 1114112K
  class space    used 3264K, committed 3584K, reserved 1048576K
}
Event: 2.367 GC heap before
{Heap before GC invocations=11 (full 1):
 PSYoungGen      total 26112K, used 12330K [0x00000000eab00000, 0x00000000ec880000, 0x0000000100000000)
  eden space 23552K, 42% used [0x00000000eab00000,0x00000000eb4ba548,0x00000000ec200000)
  from space 2560K, 92% used [0x00000000ec380000,0x00000000ec5d0640,0x00000000ec600000)
  to   space 2560K, 0% used [0x00000000ec600000,0x00000000ec600000,0x00000000ec880000)
 ParOldGen       total 68608K, used 12850K [0x00000000c0000000, 0x00000000c4300000, 0x00000000eab00000)
  object space 68608K, 18% used [0x00000000c0000000,0x00000000c0c8cb40,0x00000000c4300000)
 Metaspace       used 35027K, committed 35840K, reserved 1114112K
  class space    used 3437K, committed 3840K, reserved 1048576K
}
Event: 2.369 GC heap after
{Heap after GC invocations=11 (full 1):
 PSYoungGen      total 25600K, used 1906K [0x00000000eab00000, 0x00000000ec800000, 0x0000000100000000)
  eden space 23552K, 0% used [0x00000000eab00000,0x00000000eab00000,0x00000000ec200000)
  from space 2048K, 93% used [0x00000000ec600000,0x00000000ec7dcbb8,0x00000000ec800000)
  to   space 2560K, 0% used [0x00000000ec300000,0x00000000ec300000,0x00000000ec580000)
 ParOldGen       total 68608K, used 14125K [0x00000000c0000000, 0x00000000c4300000, 0x00000000eab00000)
  object space 68608K, 20% used [0x00000000c0000000,0x00000000c0dcb530,0x00000000c4300000)
 Metaspace       used 35027K, committed 35840K, reserved 1114112K
  class space    used 3437K, committed 3840K, reserved 1048576K
}
Event: 2.369 GC heap before
{Heap before GC invocations=12 (full 2):
 PSYoungGen      total 25600K, used 1906K [0x00000000eab00000, 0x00000000ec800000, 0x0000000100000000)
  eden space 23552K, 0% used [0x00000000eab00000,0x00000000eab00000,0x00000000ec200000)
  from space 2048K, 93% used [0x00000000ec600000,0x00000000ec7dcbb8,0x00000000ec800000)
  to   space 2560K, 0% used [0x00000000ec300000,0x00000000ec300000,0x00000000ec580000)
 ParOldGen       total 68608K, used 14125K [0x00000000c0000000, 0x00000000c4300000, 0x00000000eab00000)
  object space 68608K, 20% used [0x00000000c0000000,0x00000000c0dcb530,0x00000000c4300000)
 Metaspace       used 35027K, committed 35840K, reserved 1114112K
  class space    used 3437K, committed 3840K, reserved 1048576K
}
Event: 2.390 GC heap after
{Heap after GC invocations=12 (full 2):
 PSYoungGen      total 25600K, used 0K [0x00000000eab00000, 0x00000000ec800000, 0x0000000100000000)
  eden space 23552K, 0% used [0x00000000eab00000,0x00000000eab00000,0x00000000ec200000)
  from space 2048K, 0% used [0x00000000ec600000,0x00000000ec600000,0x00000000ec800000)
  to   space 2560K, 0% used [0x00000000ec300000,0x00000000ec300000,0x00000000ec580000)
 ParOldGen       total 68608K, used 13422K [0x00000000c0000000, 0x00000000c4300000, 0x00000000eab00000)
  object space 68608K, 19% used [0x00000000c0000000,0x00000000c0d1bb18,0x00000000c4300000)
 Metaspace       used 35014K, committed 35840K, reserved 1114112K
  class space    used 3434K, committed 3840K, reserved 1048576K
}
Event: 2.654 GC heap before
{Heap before GC invocations=13 (full 2):
 PSYoungGen      total 25600K, used 23552K [0x00000000eab00000, 0x00000000ec800000, 0x0000000100000000)
  eden space 23552K, 100% used [0x00000000eab00000,0x00000000ec200000,0x00000000ec200000)
  from space 2048K, 0% used [0x00000000ec600000,0x00000000ec600000,0x00000000ec800000)
  to   space 2560K, 0% used [0x00000000ec300000,0x00000000ec300000,0x00000000ec580000)
 ParOldGen       total 68608K, used 13422K [0x00000000c0000000, 0x00000000c4300000, 0x00000000eab00000)
  object space 68608K, 19% used [0x00000000c0000000,0x00000000c0d1bb18,0x00000000c4300000)
 Metaspace       used 38204K, committed 38976K, reserved 1114112K
  class space    used 3847K, committed 4224K, reserved 1048576K
}
Event: 2.655 GC heap after
{Heap after GC invocations=13 (full 2):
 PSYoungGen      total 24576K, used 1339K [0x00000000eab00000, 0x00000000ec680000, 0x0000000100000000)
  eden space 23040K, 0% used [0x00000000eab00000,0x00000000eab00000,0x00000000ec180000)
  from space 1536K, 87% used [0x00000000ec300000,0x00000000ec44ed10,0x00000000ec480000)
  to   space 2048K, 0% used [0x00000000ec480000,0x00000000ec480000,0x00000000ec680000)
 ParOldGen       total 68608K, used 13430K [0x00000000c0000000, 0x00000000c4300000, 0x00000000eab00000)
  object space 68608K, 19% used [0x00000000c0000000,0x00000000c0d1db18,0x00000000c4300000)
 Metaspace       used 38204K, committed 38976K, reserved 1114112K
  class space    used 3847K, committed 4224K, reserved 1048576K
}
Event: 3.009 GC heap before
{Heap before GC invocations=14 (full 2):
 PSYoungGen      total 24576K, used 24379K [0x00000000eab00000, 0x00000000ec680000, 0x0000000100000000)
  eden space 23040K, 100% used [0x00000000eab00000,0x00000000ec180000,0x00000000ec180000)
  from space 1536K, 87% used [0x00000000ec300000,0x00000000ec44ed10,0x00000000ec480000)
  to   space 2048K, 0% used [0x00000000ec480000,0x00000000ec480000,0x00000000ec680000)
 ParOldGen       total 68608K, used 13430K [0x00000000c0000000, 0x00000000c4300000, 0x00000000eab00000)
  object space 68608K, 19% used [0x00000000c0000000,0x00000000c0d1db18,0x00000000c4300000)
 Metaspace       used 40895K, committed 41728K, reserved 1114112K
  class space    used 4207K, committed 4544K, reserved 1048576K
}
Event: 3.010 GC heap after
{Heap after GC invocations=14 (full 2):
 PSYoungGen      total 23552K, used 893K [0x00000000eab00000, 0x00000000ec580000, 0x0000000100000000)
  eden space 22528K, 0% used [0x00000000eab00000,0x00000000eab00000,0x00000000ec100000)
  from space 1024K, 87% used [0x00000000ec480000,0x00000000ec55f658,0x00000000ec580000)
  to   space 1536K, 0% used [0x00000000ec280000,0x00000000ec280000,0x00000000ec400000)
 ParOldGen       total 68608K, used 14484K [0x00000000c0000000, 0x00000000c4300000, 0x00000000eab00000)
  object space 68608K, 21% used [0x00000000c0000000,0x00000000c0e25158,0x00000000c4300000)
 Metaspace       used 40895K, committed 41728K, reserved 1114112K
  class space    used 4207K, committed 4544K, reserved 1048576K
}
Event: 3.371 GC heap before
{Heap before GC invocations=15 (full 2):
 PSYoungGen      total 23552K, used 23421K [0x00000000eab00000, 0x00000000ec580000, 0x0000000100000000)
  eden space 22528K, 100% used [0x00000000eab00000,0x00000000ec100000,0x00000000ec100000)
  from space 1024K, 87% used [0x00000000ec480000,0x00000000ec55f658,0x00000000ec580000)
  to   space 1536K, 0% used [0x00000000ec280000,0x00000000ec280000,0x00000000ec400000)
 ParOldGen       total 68608K, used 14484K [0x00000000c0000000, 0x00000000c4300000, 0x00000000eab00000)
  object space 68608K, 21% used [0x00000000c0000000,0x00000000c0e25158,0x00000000c4300000)
 Metaspace       used 42890K, committed 43648K, reserved 1114112K
  class space    used 4465K, committed 4800K, reserved 1048576K
}
Event: 3.372 GC heap after
{Heap after GC invocations=15 (full 2):
 PSYoungGen      total 23552K, used 832K [0x00000000eab00000, 0x00000000ec500000, 0x0000000100000000)
  eden space 22016K, 0% used [0x00000000eab00000,0x00000000eab00000,0x00000000ec080000)
  from space 1536K, 54% used [0x00000000ec280000,0x00000000ec350000,0x00000000ec400000)
  to   space 1024K, 0% used [0x00000000ec400000,0x00000000ec400000,0x00000000ec500000)
 ParOldGen       total 68608K, used 15060K [0x00000000c0000000, 0x00000000c4300000, 0x00000000eab00000)
  object space 68608K, 21% used [0x00000000c0000000,0x00000000c0eb5158,0x00000000c4300000)
 Metaspace       used 42890K, committed 43648K, reserved 1114112K
  class space    used 4465K, committed 4800K, reserved 1048576K
}

Dll operation events (12 events):
Event: 0.004 Loaded shared library c:\Users\student\.vscode\extensions\redhat.java-1.24.0-win32-x64\jre\17.0.8.1-win32-x86_64\bin\java.dll
Event: 0.083 Loaded shared library c:\Users\student\.vscode\extensions\redhat.java-1.24.0-win32-x64\jre\17.0.8.1-win32-x86_64\bin\zip.dll
Event: 0.085 Loaded shared library C:\Users\student\.vscode\extensions\redhat.java-1.24.0-win32-x64\jre\17.0.8.1-win32-x86_64\bin\instrument.dll
Event: 0.093 Loaded shared library C:\Users\student\.vscode\extensions\redhat.java-1.24.0-win32-x64\jre\17.0.8.1-win32-x86_64\bin\net.dll
Event: 0.094 Loaded shared library C:\Users\student\.vscode\extensions\redhat.java-1.24.0-win32-x64\jre\17.0.8.1-win32-x86_64\bin\nio.dll
Event: 0.099 Loaded shared library C:\Users\student\.vscode\extensions\redhat.java-1.24.0-win32-x64\jre\17.0.8.1-win32-x86_64\bin\zip.dll
Event: 0.108 Loaded shared library C:\Users\student\.vscode\extensions\redhat.java-1.24.0-win32-x64\jre\17.0.8.1-win32-x86_64\bin\jimage.dll
Event: 0.144 Loaded shared library c:\Users\student\.vscode\extensions\redhat.java-1.24.0-win32-x64\jre\17.0.8.1-win32-x86_64\bin\verify.dll
Event: 0.765 Loaded shared library C:\Users\student\AppData\Roaming\Code\User\globalStorage\redhat.java\1.24.0\config_win\org.eclipse.equinox.launcher\org.eclipse.equinox.launcher.win32.win32.x86_64_1.2.700.v20221108-1024\eclipse_11801.dll
Event: 1.585 Loaded shared library C:\Users\student\.vscode\extensions\redhat.java-1.24.0-win32-x64\jre\17.0.8.1-win32-x86_64\bin\management.dll
Event: 1.587 Loaded shared library C:\Users\student\.vscode\extensions\redhat.java-1.24.0-win32-x64\jre\17.0.8.1-win32-x86_64\bin\management_ext.dll
Event: 2.308 Loaded shared library C:\Users\student\AppData\Local\Temp\jna--1879145925\jna16351365749074256686.dll

Deoptimization events (20 events):
Event: 3.599 Thread 0x0000023b009479f0 Uncommon trap: trap_request=0xffffffd6 fr.pc=0x0000023b6e551ed0 relative=0x00000000000000b0
Event: 3.599 Thread 0x0000023b009479f0 Uncommon trap: reason=array_check action=maybe_recompile pc=0x0000023b6e551ed0 method=java.util.stream.Nodes$FixedNodeBuilder.accept(Ljava/lang/Object;)V @ 28 c2
Event: 3.599 Thread 0x0000023b009479f0 DEOPT PACKING pc=0x0000023b6e551ed0 sp=0x000000fa7e1fe040
Event: 3.599 Thread 0x0000023b009479f0 DEOPT UNPACKING pc=0x0000023b6dd466a3 sp=0x000000fa7e1fdfd0 mode 2
Event: 3.599 Thread 0x0000023b009479f0 Uncommon trap: trap_request=0xffffffd6 fr.pc=0x0000023b6e551ed0 relative=0x00000000000000b0
Event: 3.599 Thread 0x0000023b009479f0 Uncommon trap: reason=array_check action=maybe_recompile pc=0x0000023b6e551ed0 method=java.util.stream.Nodes$FixedNodeBuilder.accept(Ljava/lang/Object;)V @ 28 c2
Event: 3.599 Thread 0x0000023b009479f0 DEOPT PACKING pc=0x0000023b6e551ed0 sp=0x000000fa7e1fe040
Event: 3.599 Thread 0x0000023b009479f0 DEOPT UNPACKING pc=0x0000023b6dd466a3 sp=0x000000fa7e1fdfd0 mode 2
Event: 3.599 Thread 0x0000023b009479f0 Uncommon trap: trap_request=0xffffffd6 fr.pc=0x0000023b6e551ed0 relative=0x00000000000000b0
Event: 3.599 Thread 0x0000023b009479f0 Uncommon trap: reason=array_check action=maybe_recompile pc=0x0000023b6e551ed0 method=java.util.stream.Nodes$FixedNodeBuilder.accept(Ljava/lang/Object;)V @ 28 c2
Event: 3.599 Thread 0x0000023b009479f0 DEOPT PACKING pc=0x0000023b6e551ed0 sp=0x000000fa7e1fe040
Event: 3.599 Thread 0x0000023b009479f0 DEOPT UNPACKING pc=0x0000023b6dd466a3 sp=0x000000fa7e1fdfd0 mode 2
Event: 3.734 Thread 0x0000023b009479f0 Uncommon trap: trap_request=0xffffff45 fr.pc=0x0000023b6e5d7edc relative=0x000000000000059c
Event: 3.734 Thread 0x0000023b009479f0 Uncommon trap: reason=unstable_if action=reinterpret pc=0x0000023b6e5d7edc method=java.util.TreeMap.put(Ljava/lang/Object;Ljava/lang/Object;Z)Ljava/lang/Object; @ 27 c2
Event: 3.734 Thread 0x0000023b009479f0 DEOPT PACKING pc=0x0000023b6e5d7edc sp=0x000000fa7e1fded0
Event: 3.734 Thread 0x0000023b009479f0 DEOPT UNPACKING pc=0x0000023b6dd466a3 sp=0x000000fa7e1fdde8 mode 2
Event: 3.734 Thread 0x0000023b009479f0 Uncommon trap: trap_request=0xffffff45 fr.pc=0x0000023b6e5d5460 relative=0x00000000000005a0
Event: 3.734 Thread 0x0000023b009479f0 Uncommon trap: reason=unstable_if action=reinterpret pc=0x0000023b6e5d5460 method=java.util.TreeMap.put(Ljava/lang/Object;Ljava/lang/Object;Z)Ljava/lang/Object; @ 27 c2
Event: 3.734 Thread 0x0000023b009479f0 DEOPT PACKING pc=0x0000023b6e5d5460 sp=0x000000fa7e1fde50
Event: 3.734 Thread 0x0000023b009479f0 DEOPT UNPACKING pc=0x0000023b6dd466a3 sp=0x000000fa7e1fddf0 mode 2

Classes unloaded (7 events):
Event: 2.372 Thread 0x0000023b63ca3c80 Unloading class 0x0000000100253800 'java/lang/invoke/LambdaForm$MH+0x0000000100253800'
Event: 2.372 Thread 0x0000023b63ca3c80 Unloading class 0x0000000100253400 'java/lang/invoke/LambdaForm$MH+0x0000000100253400'
Event: 2.372 Thread 0x0000023b63ca3c80 Unloading class 0x0000000100253000 'java/lang/invoke/LambdaForm$MH+0x0000000100253000'
Event: 2.372 Thread 0x0000023b63ca3c80 Unloading class 0x0000000100252c00 'java/lang/invoke/LambdaForm$MH+0x0000000100252c00'
Event: 2.372 Thread 0x0000023b63ca3c80 Unloading class 0x0000000100252800 'java/lang/invoke/LambdaForm$BMH+0x0000000100252800'
Event: 2.372 Thread 0x0000023b63ca3c80 Unloading class 0x0000000100252400 'java/lang/invoke/LambdaForm$DMH+0x0000000100252400'
Event: 2.372 Thread 0x0000023b63ca3c80 Unloading class 0x0000000100240800 'java/lang/invoke/LambdaForm$DMH+0x0000000100240800'

Classes redefined (0 events):
No events

Internal exceptions (20 events):
Event: 2.257 Thread 0x0000023b00422f80 Exception <a 'java/io/FileNotFoundException'{0x00000000eaeeb2d0}> (0x00000000eaeeb2d0) 
thrown [s\src\hotspot\share\prims\jni.cpp, line 516]
Event: 2.327 Thread 0x0000023b00422f80 Exception <a 'java/lang/UnsatisfiedLinkError'{0x00000000eb1e7f48}: The specified procedure could not be found.
> (0x00000000eb1e7f48) 
thrown [s\src\hotspot\share\prims\jni.cpp, line 535]
Event: 2.330 Thread 0x0000023b00422f80 Exception <a 'java/io/FileNotFoundException'{0x00000000eb20da50}> (0x00000000eb20da50) 
thrown [s\src\hotspot\share\prims\jni.cpp, line 516]
Event: 2.336 Thread 0x0000023b00422f80 Exception <a 'java/io/FileNotFoundException'{0x00000000eb290190}> (0x00000000eb290190) 
thrown [s\src\hotspot\share\prims\jni.cpp, line 516]
Event: 2.342 Thread 0x0000023b00422f80 Exception <a 'java/lang/UnsatisfiedLinkError'{0x00000000eb31e368}: The specified procedure could not be found.
> (0x00000000eb31e368) 
thrown [s\src\hotspot\share\prims\jni.cpp, line 535]
Event: 2.358 Thread 0x0000023b63c19480 Exception <a 'sun/nio/fs/WindowsException'{0x00000000eb3e9360}> (0x00000000eb3e9360) 
thrown [s\src\hotspot\share\prims\jni.cpp, line 516]
Event: 2.358 Thread 0x0000023b63c19480 Exception <a 'sun/nio/fs/WindowsException'{0x00000000eb3ea808}> (0x00000000eb3ea808) 
thrown [s\src\hotspot\share\prims\jni.cpp, line 516]
Event: 2.359 Thread 0x0000023b63c19480 Exception <a 'sun/nio/fs/WindowsException'{0x00000000eb3eadd8}> (0x00000000eb3eadd8) 
thrown [s\src\hotspot\share\prims\jni.cpp, line 516]
Event: 2.410 Thread 0x0000023b63c19480 Exception <a 'java/io/FileNotFoundException'{0x00000000eacd7390}> (0x00000000eacd7390) 
thrown [s\src\hotspot\share\prims\jni.cpp, line 516]
Event: 2.428 Thread 0x0000023b63c19480 Exception <a 'java/lang/NoSuchMethodError'{0x00000000eae81990}: 'java.lang.Object java.lang.invoke.DirectMethodHandle$Holder.invokeStatic(java.lang.Object, java.lang.Object, long, java.lang.Object)'> (0x00000000eae81990) 
thrown [s\src\hotspot\share\interpreter\linkResolver.cpp, line 759]
Event: 2.429 Thread 0x0000023b63c19480 Exception <a 'java/lang/NoSuchMethodError'{0x00000000eae85428}: 'java.lang.Object java.lang.invoke.DirectMethodHandle$Holder.invokeStaticInit(java.lang.Object, java.lang.Object, long, java.lang.Object)'> (0x00000000eae85428) 
thrown [s\src\hotspot\share\interpreter\linkResolver.cpp, line 759]
Event: 2.429 Thread 0x0000023b63c19480 Exception <a 'java/lang/NoSuchMethodError'{0x00000000eae8bc98}: 'java.lang.Object java.lang.invoke.DirectMethodHandle$Holder.newInvokeSpecial(java.lang.Object, java.lang.Object, long)'> (0x00000000eae8bc98) 
thrown [s\src\hotspot\share\interpreter\linkResolver.cpp, line 759]
Event: 2.452 Thread 0x0000023b63c19480 Exception <a 'java/lang/NoSuchMethodError'{0x00000000eb053bf0}: 'void java.lang.invoke.DirectMethodHandle$Holder.invokeStatic(java.lang.Object, java.lang.Object, java.lang.Object, java.lang.Object)'> (0x00000000eb053bf0) 
thrown [s\src\hotspot\share\interpreter\linkResolver.cpp, line 759]
Event: 2.533 Thread 0x0000023b63c19480 Exception <a 'java/lang/NoSuchMethodError'{0x00000000ebac2d78}: 'void java.lang.invoke.DirectMethodHandle$Holder.invokeSpecial(java.lang.Object, java.lang.Object, java.lang.Object, java.lang.Object, java.lang.Object, java.lang.Object)'> (0x00000000ebac2d78) 
thrown [s\src\hotspot\share\interpreter\linkResolver.cpp, line 759]
Event: 2.535 Thread 0x0000023b63c19480 Exception <a 'java/lang/IncompatibleClassChangeError'{0x00000000ebacc888}: Found class java.lang.Object, but interface was expected> (0x00000000ebacc888) 
thrown [s\src\hotspot\share\interpreter\linkResolver.cpp, line 826]
Event: 2.669 Thread 0x0000023b009479f0 Exception <a 'java/lang/NoSuchMethodError'{0x00000000eabc5bd0}: 'java.lang.Object java.lang.invoke.DirectMethodHandle$Holder.invokeSpecialIFC(java.lang.Object, java.lang.Object, java.lang.Object, java.lang.Object)'> (0x00000000eabc5bd0) 
thrown [s\src\hotspot\share\interpreter\linkResolver.cpp, line 759]
Event: 2.791 Thread 0x0000023b009479f0 Exception <a 'java/lang/NoSuchMethodError'{0x00000000eb50d6b0}: 'int java.lang.invoke.DirectMethodHandle$Holder.invokeSpecialIFC(java.lang.Object, java.lang.Object, java.lang.Object, java.lang.Object, java.lang.Object)'> (0x00000000eb50d6b0) 
thrown [s\src\hotspot\share\interpreter\linkResolver.cpp, line 759]
Event: 2.915 Thread 0x0000023b009479f0 Exception <a 'java/lang/NoClassDefFoundError'{0x00000000ebbea240}: javax/enterprise/inject/Typed> (0x00000000ebbea240) 
thrown [s\src\hotspot\share\classfile\systemDictionary.cpp, line 245]
Event: 3.724 Thread 0x0000023b009479f0 Exception <a 'java/lang/NoSuchMethodError'{0x00000000ebc5ee98}: 'void java.lang.invoke.DirectMethodHandle$Holder.invokeStaticInit(java.lang.Object, java.lang.Object, java.lang.Object)'> (0x00000000ebc5ee98) 
thrown [s\src\hotspot\share\interpreter\linkResolver.cpp, line 759]
Event: 3.729 Thread 0x0000023b009479f0 Exception <a 'java/lang/ExceptionInInitializerError'{0x00000000ebc93250}> (0x00000000ebc93250) 
thrown [s\src\hotspot\share\oops\instanceKlass.cpp, line 1218]

VM Operations (20 events):
Event: 2.891 Executing VM operation: HandshakeAllThreads
Event: 2.891 Executing VM operation: HandshakeAllThreads done
Event: 3.008 Executing VM operation: ParallelGCFailedAllocation
Event: 3.010 Executing VM operation: ParallelGCFailedAllocation done
Event: 3.334 Executing VM operation: HandshakeAllThreads
Event: 3.334 Executing VM operation: HandshakeAllThreads done
Event: 3.334 Executing VM operation: HandshakeAllThreads
Event: 3.334 Executing VM operation: HandshakeAllThreads done
Event: 3.371 Executing VM operation: ParallelGCFailedAllocation
Event: 3.372 Executing VM operation: ParallelGCFailedAllocation done
Event: 3.374 Executing VM operation: HandshakeAllThreads
Event: 3.374 Executing VM operation: HandshakeAllThreads done
Event: 3.374 Executing VM operation: HandshakeAllThreads
Event: 3.374 Executing VM operation: HandshakeAllThreads done
Event: 3.415 Executing VM operation: HandshakeAllThreads
Event: 3.415 Executing VM operation: HandshakeAllThreads done
Event: 3.562 Executing VM operation: HandshakeAllThreads
Event: 3.562 Executing VM operation: HandshakeAllThreads done
Event: 3.563 Executing VM operation: HandshakeAllThreads
Event: 3.563 Executing VM operation: HandshakeAllThreads done

Events (20 events):
Event: 3.547 loading class java/util/concurrent/CompletionService
Event: 3.547 loading class java/util/concurrent/CompletionService done
Event: 3.560 loading class java/nio/channels/SocketChannel
Event: 3.561 loading class java/nio/channels/NetworkChannel
Event: 3.561 loading class java/nio/channels/NetworkChannel done
Event: 3.561 loading class java/nio/channels/spi/AbstractSelectableChannel
Event: 3.561 loading class java/nio/channels/spi/AbstractSelectableChannel done
Event: 3.562 loading class java/nio/channels/SocketChannel done
Event: 3.564 loading class java/nio/channels/ServerSocketChannel
Event: 3.564 loading class java/nio/channels/ServerSocketChannel done
Event: 3.566 loading class javax/net/ssl/SSLSocketFactory
Event: 3.566 loading class javax/net/SocketFactory
Event: 3.566 loading class javax/net/SocketFactory done
Event: 3.567 loading class javax/net/ssl/SSLSocketFactory done
Event: 3.634 loading class java/io/UncheckedIOException
Event: 3.634 loading class java/io/UncheckedIOException done
Event: 3.679 loading class java/nio/file/AccessDeniedException
Event: 3.679 loading class java/nio/file/AccessDeniedException done
Event: 3.728 loading class java/lang/ExceptionInInitializerError
Event: 3.728 loading class java/lang/ExceptionInInitializerError done


Dynamic libraries:
0x00007ff61c0c0000 - 0x00007ff61c0ce000 	c:\Users\student\.vscode\extensions\redhat.java-1.24.0-win32-x64\jre\17.0.8.1-win32-x86_64\bin\java.exe
0x00007ffb966d0000 - 0x00007ffb968c7000 	C:\Windows\SYSTEM32\ntdll.dll
0x00007ffb948c0000 - 0x00007ffb9497d000 	C:\Windows\System32\KERNEL32.DLL
0x00007ffb940b0000 - 0x00007ffb943a6000 	C:\Windows\System32\KERNELBASE.dll
0x00007ffb93fb0000 - 0x00007ffb940b0000 	C:\Windows\System32\ucrtbase.dll
0x00007ffb8f1b0000 - 0x00007ffb8f1c7000 	c:\Users\student\.vscode\extensions\redhat.java-1.24.0-win32-x64\jre\17.0.8.1-win32-x86_64\bin\jli.dll
0x00007ffb81390000 - 0x00007ffb813a9000 	c:\Users\student\.vscode\extensions\redhat.java-1.24.0-win32-x64\jre\17.0.8.1-win32-x86_64\bin\VCRUNTIME140.dll
0x00007ffb95930000 - 0x00007ffb95ace000 	C:\Windows\System32\USER32.dll
0x00007ffb93db0000 - 0x00007ffb93dd2000 	C:\Windows\System32\win32u.dll
0x00007ffb7aa30000 - 0x00007ffb7acca000 	C:\Windows\WinSxS\amd64_microsoft.windows.common-controls_6595b64144ccf1df_6.0.19041.3570_none_60bb2a3971f3e41a\COMCTL32.dll
0x00007ffb94d30000 - 0x00007ffb94d5c000 	C:\Windows\System32\GDI32.dll
0x00007ffb94980000 - 0x00007ffb94a1e000 	C:\Windows\System32\msvcrt.dll
0x00007ffb94570000 - 0x00007ffb9468a000 	C:\Windows\System32\gdi32full.dll
0x00007ffb94690000 - 0x00007ffb9472d000 	C:\Windows\System32\msvcp_win.dll
0x00007ffb94a20000 - 0x00007ffb94a50000 	C:\Windows\System32\IMM32.DLL
0x00007ffb84230000 - 0x00007ffb8423c000 	c:\Users\student\.vscode\extensions\redhat.java-1.24.0-win32-x64\jre\17.0.8.1-win32-x86_64\bin\vcruntime140_1.dll
0x00007ffb40890000 - 0x00007ffb40921000 	c:\Users\student\.vscode\extensions\redhat.java-1.24.0-win32-x64\jre\17.0.8.1-win32-x86_64\bin\msvcp140.dll
0x00007ffb39190000 - 0x00007ffb39ddc000 	c:\Users\student\.vscode\extensions\redhat.java-1.24.0-win32-x64\jre\17.0.8.1-win32-x86_64\bin\server\jvm.dll
0x00007ffb95880000 - 0x00007ffb9592e000 	C:\Windows\System32\ADVAPI32.dll
0x00007ffb95530000 - 0x00007ffb955cc000 	C:\Windows\System32\sechost.dll
0x00007ffb956f0000 - 0x00007ffb95816000 	C:\Windows\System32\RPCRT4.dll
0x00007ffb84200000 - 0x00007ffb84209000 	C:\Windows\SYSTEM32\WSOCK32.dll
0x00007ffb89f40000 - 0x00007ffb89f67000 	C:\Windows\SYSTEM32\WINMM.dll
0x00007ffb93c10000 - 0x00007ffb93c5b000 	C:\Windows\SYSTEM32\POWRPROF.dll
0x00007ffb94c10000 - 0x00007ffb94c7b000 	C:\Windows\System32\WS2_32.dll
0x00007ffb8ccf0000 - 0x00007ffb8ccfa000 	C:\Windows\SYSTEM32\VERSION.dll
0x00007ffb93b40000 - 0x00007ffb93b52000 	C:\Windows\SYSTEM32\UMPDC.dll
0x00007ffb91c70000 - 0x00007ffb91c82000 	C:\Windows\SYSTEM32\kernel.appcore.dll
0x00007ffb812f0000 - 0x00007ffb812fa000 	c:\Users\student\.vscode\extensions\redhat.java-1.24.0-win32-x64\jre\17.0.8.1-win32-x86_64\bin\jimage.dll
0x00007ffb8c240000 - 0x00007ffb8c424000 	C:\Windows\SYSTEM32\DBGHELP.DLL
0x00007ffb827d0000 - 0x00007ffb82804000 	C:\Windows\SYSTEM32\dbgcore.DLL
0x00007ffb944b0000 - 0x00007ffb94532000 	C:\Windows\System32\bcryptPrimitives.dll
0x00007ffb81130000 - 0x00007ffb8113e000 	c:\Users\student\.vscode\extensions\redhat.java-1.24.0-win32-x64\jre\17.0.8.1-win32-x86_64\bin\instrument.dll
0x00007ffb81100000 - 0x00007ffb81125000 	c:\Users\student\.vscode\extensions\redhat.java-1.24.0-win32-x64\jre\17.0.8.1-win32-x86_64\bin\java.dll
0x00007ffb80b60000 - 0x00007ffb80b78000 	c:\Users\student\.vscode\extensions\redhat.java-1.24.0-win32-x64\jre\17.0.8.1-win32-x86_64\bin\zip.dll
0x00007ffb95cc0000 - 0x00007ffb96404000 	C:\Windows\System32\SHELL32.dll
0x00007ffb91e70000 - 0x00007ffb9260b000 	C:\Windows\SYSTEM32\windows.storage.dll
0x00007ffb951d0000 - 0x00007ffb95524000 	C:\Windows\System32\combase.dll
0x00007ffb93720000 - 0x00007ffb9374d000 	C:\Windows\SYSTEM32\Wldp.dll
0x00007ffb94810000 - 0x00007ffb948bd000 	C:\Windows\System32\SHCORE.dll
0x00007ffb95820000 - 0x00007ffb95875000 	C:\Windows\System32\shlwapi.dll
0x00007ffb93ce0000 - 0x00007ffb93d05000 	C:\Windows\SYSTEM32\profapi.dll
0x00007ffb7f880000 - 0x00007ffb7f899000 	C:\Users\student\.vscode\extensions\redhat.java-1.24.0-win32-x64\jre\17.0.8.1-win32-x86_64\bin\net.dll
0x00007ffb8d060000 - 0x00007ffb8d16a000 	C:\Windows\SYSTEM32\WINHTTP.dll
0x00007ffb93480000 - 0x00007ffb934ea000 	C:\Windows\system32\mswsock.dll
0x00007ffb7db40000 - 0x00007ffb7db55000 	C:\Users\student\.vscode\extensions\redhat.java-1.24.0-win32-x64\jre\17.0.8.1-win32-x86_64\bin\nio.dll
0x00007ffb81090000 - 0x00007ffb810a0000 	c:\Users\student\.vscode\extensions\redhat.java-1.24.0-win32-x64\jre\17.0.8.1-win32-x86_64\bin\verify.dll
0x00007ffb64f70000 - 0x00007ffb64fae000 	C:\Users\student\AppData\Roaming\Code\User\globalStorage\redhat.java\1.24.0\config_win\org.eclipse.equinox.launcher\org.eclipse.equinox.launcher.win32.win32.x86_64_1.2.700.v20221108-1024\eclipse_11801.dll
0x00007ffb96500000 - 0x00007ffb9662b000 	C:\Windows\System32\ole32.dll
0x00007ffb80c30000 - 0x00007ffb80c39000 	C:\Users\student\.vscode\extensions\redhat.java-1.24.0-win32-x64\jre\17.0.8.1-win32-x86_64\bin\management.dll
0x00007ffb805e0000 - 0x00007ffb805eb000 	C:\Users\student\.vscode\extensions\redhat.java-1.24.0-win32-x64\jre\17.0.8.1-win32-x86_64\bin\management_ext.dll
0x00007ffb94800000 - 0x00007ffb94808000 	C:\Windows\System32\PSAPI.DLL
0x00007ffb93680000 - 0x00007ffb93698000 	C:\Windows\SYSTEM32\CRYPTSP.dll
0x00007ffb92d90000 - 0x00007ffb92dc4000 	C:\Windows\system32\rsaenh.dll
0x00007ffb94540000 - 0x00007ffb94567000 	C:\Windows\System32\bcrypt.dll
0x00007ffb93ca0000 - 0x00007ffb93cce000 	C:\Windows\SYSTEM32\USERENV.dll
0x00007ffb93670000 - 0x00007ffb9367c000 	C:\Windows\SYSTEM32\CRYPTBASE.dll
0x00007ffb93170000 - 0x00007ffb931ab000 	C:\Windows\SYSTEM32\IPHLPAPI.DLL
0x00007ffb94a50000 - 0x00007ffb94a58000 	C:\Windows\System32\NSI.dll
0x00007ffb8d890000 - 0x00007ffb8d8a7000 	C:\Windows\SYSTEM32\dhcpcsvc6.DLL
0x00007ffb8db80000 - 0x00007ffb8db9d000 	C:\Windows\SYSTEM32\dhcpcsvc.DLL
0x00007ffb931b0000 - 0x00007ffb9327a000 	C:\Windows\SYSTEM32\DNSAPI.dll
0x00007ffb40840000 - 0x00007ffb40885000 	C:\Users\student\AppData\Local\Temp\jna--1879145925\jna16351365749074256686.dll

dbghelp: loaded successfully - version: 4.0.5 - missing functions: none
symbol engine: initialized successfully - sym options: 0x614 - pdb path: .;c:\Users\student\.vscode\extensions\redhat.java-1.24.0-win32-x64\jre\17.0.8.1-win32-x86_64\bin;C:\Windows\SYSTEM32;C:\Windows\WinSxS\amd64_microsoft.windows.common-controls_6595b64144ccf1df_6.0.19041.3570_none_60bb2a3971f3e41a;c:\Users\student\.vscode\extensions\redhat.java-1.24.0-win32-x64\jre\17.0.8.1-win32-x86_64\bin\server;C:\Users\student\AppData\Roaming\Code\User\globalStorage\redhat.java\1.24.0\config_win\org.eclipse.equinox.launcher\org.eclipse.equinox.launcher.win32.win32.x86_64_1.2.700.v20221108-1024;C:\Users\student\AppData\Local\Temp\jna--1879145925

VM Arguments:
jvm_args: --add-modules=ALL-SYSTEM --add-opens=java.base/java.util=ALL-UNNAMED --add-opens=java.base/java.lang=ALL-UNNAMED --add-opens=java.base/sun.nio.fs=ALL-UNNAMED -Declipse.application=org.eclipse.jdt.ls.core.id1 -Dosgi.bundles.defaultStartLevel=4 -Declipse.product=org.eclipse.jdt.ls.core.product -Djava.import.generatesMetadataFilesAtProjectRoot=false -DDetectVMInstallationsJob.disabled=true -Dfile.encoding=utf8 -XX:+UseParallelGC -XX:GCTimeRatio=4 -XX:AdaptiveSizePolicyWeight=90 -Dsun.zip.disableMemoryMapping=true -Xmx1G -Xms100m -Xlog:disable -javaagent:c:\Users\student\.vscode\extensions\redhat.java-1.24.0-win32-x64\lombok\lombok-1.18.30.jar -XX:+HeapDumpOnOutOfMemoryError -XX:HeapDumpPath=c:\Users\student\AppData\Roaming\Code\User\workspaceStorage\e50256f40f6fecdd92fdb32c1eaf3a5b\redhat.java -Daether.dependencyCollector.impl=bf 
java_command: c:\Users\student\.vscode\extensions\redhat.java-1.24.0-win32-x64\server\plugins\org.eclipse.equinox.launcher_1.6.500.v20230717-2134.jar -configuration c:\Users\student\AppData\Roaming\Code\User\globalStorage\redhat.java\1.24.0\config_win -data c:\Users\student\AppData\Roaming\Code\User\workspaceStorage\e50256f40f6fecdd92fdb32c1eaf3a5b\redhat.java\jdt_ws --stdio
java_class_path (initial): c:\Users\student\.vscode\extensions\redhat.java-1.24.0-win32-x64\server\plugins\org.eclipse.equinox.launcher_1.6.500.v20230717-2134.jar
Launcher Type: SUN_STANDARD

[Global flags]
    uintx AdaptiveSizePolicyWeight                 = 90                                        {product} {command line}
     intx CICompilerCount                          = 12                                        {product} {ergonomic}
    uintx GCTimeRatio                              = 4                                         {product} {command line}
     bool HeapDumpOnOutOfMemoryError               = true                                   {manageable} {command line}
    ccstr HeapDumpPath                             = c:\Users\student\AppData\Roaming\Code\User\workspaceStorage\e50256f40f6fecdd92fdb32c1eaf3a5b\redhat.java         {manageable} {command line}
   size_t InitialHeapSize                          = 104857600                                 {product} {command line}
   size_t MaxHeapSize                              = 1073741824                                {product} {command line}
   size_t MaxNewSize                               = 357564416                                 {product} {ergonomic}
   size_t MinHeapDeltaBytes                        = 524288                                    {product} {ergonomic}
   size_t MinHeapSize                              = 104857600                                 {product} {command line}
   size_t NewSize                                  = 34603008                                  {product} {ergonomic}
    uintx NonNMethodCodeHeapSize                   = 7602480                                {pd product} {ergonomic}
    uintx NonProfiledCodeHeapSize                  = 122027880                              {pd product} {ergonomic}
   size_t OldSize                                  = 70254592                                  {product} {ergonomic}
    uintx ProfiledCodeHeapSize                     = 122027880                              {pd product} {ergonomic}
    uintx ReservedCodeCacheSize                    = 251658240                              {pd product} {ergonomic}
     bool SegmentedCodeCache                       = true                                      {product} {ergonomic}
   size_t SoftMaxHeapSize                          = 1073741824                             {manageable} {ergonomic}
     bool UseCompressedClassPointers               = true                           {product lp64_product} {ergonomic}
     bool UseCompressedOops                        = true                           {product lp64_product} {ergonomic}
     bool UseLargePagesIndividualAllocation        = false                                  {pd product} {ergonomic}
     bool UseParallelGC                            = true                                      {product} {command line}

Logging:
Log output configuration:
 #0: stdout all=off uptime,level,tags
 #1: stderr all=off uptime,level,tags

Environment Variables:
PATH=C:\oraclexe\app\oracle\product\11.2.0\server\bin;;C:\oraclexe\app\oracle\product\11.2.0\server\bin;C:\Program Files (x86)\Common Files\Oracle\Java\javapath;C:\Windows\system32;C:\Windows;C:\Windows\System32\Wbem;C:\Windows\System32\WindowsPowerShell\v1.0\;C:\Windows\System32\OpenSSH\;C:\Program Files\Git\cmd;C:\Users\student\AppData\Local\Microsoft\WindowsApps;;C:\Users\student\AppData\Local\Programs\Microsoft VS Code\bin
USERNAME=student
OS=Windows_NT
PROCESSOR_IDENTIFIER=AMD64 Family 23 Model 104 Stepping 1, AuthenticAMD
TMP=C:\Users\student\AppData\Local\Temp
TEMP=C:\Users\student\AppData\Local\Temp



---------------  S Y S T E M  ---------------

OS:
 Windows 10 , 64 bit Build 19041 (10.0.19041.3570)
OS uptime: 0 days 0:34 hours

CPU: total 16 (initial active 16) (16 cores per cpu, 2 threads per core) family 23 model 104 stepping 1 microcode 0x0, cx8, cmov, fxsr, ht, mmx, 3dnowpref, sse, sse2, sse3, ssse3, sse4a, sse4.1, sse4.2, popcnt, lzcnt, tsc, tscinvbit, avx, avx2, aes, clmul, bmi1, bmi2, adx, sha, fma, vzeroupper, clflush, clflushopt
Processor Information for all 16 processors :
  Max Mhz: 1801, Current Mhz: 1801, Mhz Limit: 1801

Memory: 4k page, system-wide physical 15766M (10527M free)
TotalPageFile size 18198M (AvailPageFile size 11523M)
current process WorkingSet (physical memory assigned to process): 208M, peak: 210M
current process commit charge ("private bytes"): 323M, peak: 325M

vm_info: OpenJDK 64-Bit Server VM (17.0.8.1+1) for windows-amd64 JRE (17.0.8.1+1), built on Aug 23 2023 15:29:17 by "admin" with MS VC++ 16.7 (VS2019)

END.
